<?xml version="1.0" encoding="UTF-8"?>
<!-- Generated by org.testng.reporters.JUnitReportReporter -->
<testsuite hostname="Yashodip-PC" name="report.test" tests="1" failures="0" timestamp="22 Dec 2018 10:10:06 GMT" time="16.506" errors="0">
  <testcase name="setup" time="16.506" classname="report.test"/>
</testsuite> <!-- report.test -->
